TN:
SF:D:/Lucas/GitHub/green-globe/src/test.ts
FNF:0
FNH:0
DA:13,1
DA:18,1
DA:20,1
LF:3
LH:3
BRF:0
BRH:0
end_of_record
TN:
SF:D:/Lucas/GitHub/green-globe/src/zone-flags.ts
FNF:0
FNH:0
DA:5,1
LF:1
LH:1
BRF:0
BRH:0
end_of_record
TN:
SF:D:/Lucas/GitHub/green-globe/src/app/app.component.ts
FN:13,(anonymous_0)
FN:21,(anonymous_1)
FN:22,(anonymous_2)
FNF:3
FNH:3
FNDA:2,(anonymous_0)
FNDA:2,(anonymous_1)
FNDA:2,(anonymous_2)
DA:12,1
DA:14,2
DA:15,2
DA:16,2
DA:18,2
DA:22,2
DA:23,2
DA:24,2
LF:8
LH:8
BRF:0
BRH:0
end_of_record
TN:
SF:D:/Lucas/GitHub/green-globe/src/app/components/components.module.ts
FNF:0
FNH:0
DA:30,1
LF:1
LH:1
BRF:0
BRH:0
end_of_record
TN:
SF:D:/Lucas/GitHub/green-globe/src/app/components/comentario-card/comentario-card.component.ts
FN:15,(anonymous_0)
FN:17,(anonymous_1)
FNF:2
FNH:2
FNDA:1,(anonymous_0)
FNDA:1,(anonymous_1)
DA:10,1
DA:12,1
LF:2
LH:2
BRF:0
BRH:0
end_of_record
TN:
SF:D:/Lucas/GitHub/green-globe/src/app/components/evento-card/evento-card.component.ts
FN:49,(anonymous_0)
FN:51,(anonymous_1)
FN:57,(anonymous_2)
FNF:3
FNH:2
FNDA:1,(anonymous_0)
FNDA:1,(anonymous_1)
FNDA:0,(anonymous_2)
DA:12,1
DA:14,1
DA:46,1
DA:47,1
DA:49,1
DA:52,1
DA:53,0
DA:58,0
DA:59,0
LF:9
LH:6
BRDA:52,0,0,0
BRDA:52,0,1,1
BRF:2
BRH:1
end_of_record
TN:
SF:D:/Lucas/GitHub/green-globe/src/app/pages/evento-detail/evento-detail.page.ts
FN:60,(anonymous_0)
FN:91,(anonymous_1)
FN:104,(anonymous_2)
FNF:3
FNH:1
FNDA:1,(anonymous_0)
FNDA:0,(anonymous_1)
FNDA:0,(anonymous_2)
DA:13,1
DA:15,1
DA:47,1
DA:53,1
DA:54,1
DA:56,1
DA:57,1
DA:60,1
DA:61,1
DA:62,0
DA:63,0
DA:79,0
DA:80,0
DA:81,0
DA:84,0
DA:91,0
DA:92,0
DA:93,0
DA:95,0
DA:104,0
DA:105,0
DA:106,0
LF:22
LH:9
BRDA:61,0,0,0
BRDA:61,0,1,1
BRDA:79,1,0,0
BRDA:79,1,1,0
BRDA:80,2,0,0
BRDA:80,2,1,0
BRDA:81,3,0,0
BRDA:81,3,1,0
BRDA:92,4,0,0
BRDA:92,4,1,0
BRDA:105,5,0,0
BRDA:105,5,1,0
BRF:12
BRH:1
end_of_record
TN:
SF:D:/Lucas/GitHub/green-globe/src/app/pages/eventos-page/eventos-page.ts
FN:33,(anonymous_0)
FN:35,(anonymous_1)
FN:38,(anonymous_2)
FN:43,(anonymous_3)
FN:49,(anonymous_4)
FN:52,(anonymous_5)
FN:57,(anonymous_6)
FN:82,(anonymous_7)
FN:90,(anonymous_8)
FN:101,(anonymous_9)
FN:116,(anonymous_10)
FN:131,(anonymous_11)
FN:142,(anonymous_12)
FN:153,(anonymous_13)
FN:157,(anonymous_14)
FNF:15
FNH:8
FNDA:5,(anonymous_0)
FNDA:5,(anonymous_1)
FNDA:2125,(anonymous_2)
FNDA:5,(anonymous_3)
FNDA:0,(anonymous_4)
FNDA:0,(anonymous_5)
FNDA:0,(anonymous_6)
FNDA:4,(anonymous_7)
FNDA:0,(anonymous_8)
FNDA:24,(anonymous_9)
FNDA:1,(anonymous_10)
FNDA:1,(anonymous_11)
FNDA:0,(anonymous_12)
FNDA:0,(anonymous_13)
FNDA:0,(anonymous_14)
DA:17,1
DA:19,5
DA:24,5
DA:25,5
DA:26,5
DA:27,5
DA:28,5
DA:29,5
DA:30,5
DA:31,5
DA:33,5
DA:35,5
DA:36,5
DA:37,5
DA:38,2125
DA:39,5
DA:40,5
DA:43,5
DA:44,5
DA:50,0
DA:51,0
DA:52,0
DA:53,0
DA:54,0
DA:56,0
DA:57,0
DA:58,0
DA:59,0
DA:83,4
DA:84,4
DA:85,20
DA:86,7
DA:89,4
DA:90,0
DA:91,0
DA:92,0
DA:93,0
DA:94,0
DA:97,0
DA:101,4
DA:102,24
DA:103,32
DA:104,32
DA:105,9
DA:108,15
DA:113,4
DA:117,1
DA:118,1
DA:119,5
DA:121,1
DA:124,0
DA:125,0
DA:126,0
DA:132,1
DA:134,1
DA:135,5
DA:137,1
DA:138,1
DA:143,0
DA:144,0
DA:145,0
DA:148,0
DA:149,0
DA:154,0
DA:158,0
LF:65
LH:40
BRDA:51,0,0,0
BRDA:51,0,1,0
BRDA:56,1,0,0
BRDA:56,1,1,0
BRDA:85,2,0,7
BRDA:85,2,1,13
BRDA:89,3,0,0
BRDA:89,3,1,4
BRDA:93,4,0,0
BRDA:93,4,1,0
BRDA:104,5,0,9
BRDA:104,5,1,23
BRDA:117,6,0,1
BRDA:117,6,1,0
BRDA:124,7,0,0
BRDA:124,7,1,0
BRDA:132,8,0,1
BRDA:132,8,1,0
BRDA:143,9,0,0
BRDA:143,9,1,0
BRF:20
BRH:7
end_of_record
TN:
SF:D:/Lucas/GitHub/green-globe/src/app/pages/new-event/new-event.page.ts
FN:53,(anonymous_0)
FN:56,(anonymous_1)
FN:62,(anonymous_2)
FN:64,(anonymous_3)
FN:69,(anonymous_4)
FN:79,(anonymous_5)
FN:92,(anonymous_6)
FN:98,(anonymous_7)
FN:110,(anonymous_8)
FN:126,(anonymous_9)
FN:131,(anonymous_10)
FN:144,(anonymous_11)
FN:151,(anonymous_13)
FN:158,(anonymous_14)
FN:170,(anonymous_15)
FNF:15
FNH:3
FNDA:1,(anonymous_0)
FNDA:1,(anonymous_1)
FNDA:1,(anonymous_2)
FNDA:0,(anonymous_3)
FNDA:0,(anonymous_4)
FNDA:0,(anonymous_5)
FNDA:0,(anonymous_6)
FNDA:0,(anonymous_7)
FNDA:0,(anonymous_8)
FNDA:0,(anonymous_9)
FNDA:0,(anonymous_10)
FNDA:0,(anonymous_11)
FNDA:0,(anonymous_13)
FNDA:0,(anonymous_14)
FNDA:0,(anonymous_15)
DA:18,1
DA:20,1
DA:30,1
DA:31,1
DA:33,1
DA:34,1
DA:36,1
DA:37,1
DA:39,1
DA:46,1
DA:48,1
DA:49,1
DA:53,1
DA:54,1
DA:56,1
DA:57,1
DA:65,0
DA:66,0
DA:70,0
DA:71,0
DA:72,0
DA:74,0
DA:75,0
DA:76,0
DA:79,0
DA:80,0
DA:81,0
DA:82,0
DA:83,0
DA:84,0
DA:85,0
DA:87,0
DA:93,0
DA:94,0
DA:99,0
DA:100,0
DA:101,0
DA:102,0
DA:104,0
DA:105,0
DA:106,0
DA:109,0
DA:110,0
DA:111,0
DA:112,0
DA:113,0
DA:114,0
DA:121,0
DA:127,0
DA:128,0
DA:129,0
DA:131,0
DA:132,0
DA:133,0
DA:134,0
DA:135,0
DA:138,0
DA:145,0
DA:155,0
DA:159,0
DA:160,0
DA:161,0
DA:162,0
DA:163,0
DA:165,0
DA:171,0
DA:172,0
DA:186,0
DA:187,0
DA:189,0
DA:190,0
LF:71
LH:16
BRDA:74,0,0,0
BRDA:74,0,1,0
BRDA:104,1,0,0
BRDA:104,1,1,0
BRDA:129,2,0,0
BRDA:129,2,1,0
BRDA:132,3,0,0
BRDA:132,3,1,0
BRDA:161,4,0,0
BRDA:161,4,1,0
BRF:10
BRH:0
end_of_record
TN:
SF:D:/Lucas/GitHub/green-globe/src/app/pages/tab1/tab1.page.ts
FN:10,(anonymous_0)
FNF:1
FNH:1
FNDA:1,(anonymous_0)
DA:8,1
LF:1
LH:1
BRF:0
BRH:0
end_of_record
TN:
SF:D:/Lucas/GitHub/green-globe/src/app/pages/tab3/tab3.page.ts
FN:10,(anonymous_0)
FNF:1
FNH:1
FNDA:1,(anonymous_0)
DA:8,1
LF:1
LH:1
BRF:0
BRH:0
end_of_record
TN:
SF:D:/Lucas/GitHub/green-globe/src/app/services/evento.service.ts
FN:27,(anonymous_0)
FN:29,(anonymous_1)
FN:30,(anonymous_2)
FN:32,(anonymous_3)
FN:33,(anonymous_4)
FN:43,(anonymous_5)
FN:46,(anonymous_6)
FN:47,(anonymous_7)
FN:57,(anonymous_8)
FN:60,(anonymous_9)
FN:61,(anonymous_10)
FN:72,(anonymous_11)
FN:73,(anonymous_12)
FN:75,(anonymous_13)
FN:76,(anonymous_14)
FN:88,(anonymous_15)
FNF:16
FNH:8
FNDA:8,(anonymous_0)
FNDA:5,(anonymous_1)
FNDA:5,(anonymous_2)
FNDA:5,(anonymous_3)
FNDA:2125,(anonymous_4)
FNDA:6,(anonymous_5)
FNDA:6,(anonymous_6)
FNDA:30,(anonymous_7)
FNDA:0,(anonymous_8)
FNDA:0,(anonymous_9)
FNDA:0,(anonymous_10)
FNDA:0,(anonymous_11)
FNDA:0,(anonymous_12)
FNDA:0,(anonymous_13)
FNDA:0,(anonymous_14)
FNDA:0,(anonymous_15)
DA:16,1
DA:27,8
DA:30,5
DA:31,5
DA:33,5
DA:34,2125
DA:35,2125
DA:36,2125
DA:40,5
DA:44,6
DA:45,6
DA:47,6
DA:48,30
DA:49,30
DA:50,30
DA:54,6
DA:58,0
DA:59,0
DA:61,0
DA:62,0
DA:63,0
DA:64,0
DA:69,0
DA:73,0
DA:74,0
DA:76,0
DA:77,0
DA:78,0
DA:79,0
DA:84,0
DA:89,0
LF:31
LH:16
BRF:0
BRH:0
end_of_record
TN:
SF:D:/Lucas/GitHub/green-globe/src/app/tabs/tabs.page.ts
FN:10,(anonymous_0)
FNF:1
FNH:1
FNDA:1,(anonymous_0)
DA:8,1
LF:1
LH:1
BRF:0
BRH:0
end_of_record
TN:
SF:D:/Lucas/GitHub/green-globe/src/environments/environment.ts
FNF:0
FNH:0
DA:5,1
LF:1
LH:1
BRF:0
BRH:0
end_of_record
